{"uuid":"bc72b71f-bede-49cf-a72b-b3b153052871","historyId":"76d2056b17b77edffa76e0ae6ed6e501","fullName":"As an authorised user I can login in application: My Start Page is displayed after successful login with valid credentials","labels":[{"name":"host","value":"DESKTOP-0ME8KFB"},{"name":"thread","value":"18044@DESKTOP-0ME8KFB.main(1)"},{"name":"feature","value":"As an authorised user I can login in application"},{"name":"story","value":"My Start Page is displayed after successful login with valid credentials"},{"name":"suite","value":"As an authorised user I can login in application"},{"name":"testClass","value":"My Start Page is displayed after successful login with valid credentials"},{"name":"framework","value":"cucumber4jvm"},{"name":"language","value":"java"},{"name":"gherkin_uri","value":"file:///C:/Users/Bultozavrik/IdeaProjects/Training/src/test/resources/features/login.feature"},{"name":"package","value":"src.test.resources.features.login_feature.As an authorised user I can login in application"}],"links":[],"name":"My Start Page is displayed after successful login with valid credentials","status":"broken","statusDetails":{"known":false,"muted":false,"flaky":false,"message":"Expected condition failed: waiting for visibility of all elements located by By.xpath: //div[@class='header-auth-wrapper']//a[@class='header-avatar'] (tried for 50 second(s) with 500 milliseconds interval)\nBuild info: version: '3.141.59', revision: 'e82be7d358', time: '2018-11-14T08:17:03'\nSystem info: host: 'DESKTOP-0ME8KFB', ip: '192.168.0.105', os.name: 'Windows 10', os.arch: 'amd64', os.version: '10.0', java.version: '11.0.11'\nDriver info: org.openqa.selenium.chrome.ChromeDriver\nCapabilities {acceptInsecureCerts: false, browserName: chrome, browserVersion: 108.0.5359.125, chrome: {chromedriverVersion: 108.0.5359.71 (1e0e3868ee06..., userDataDir: C:\\Users\\Bultozavrik\\AppDat...}, goog:chromeOptions: {debuggerAddress: localhost:52663}, javascriptEnabled: true, networkConnectionEnabled: false, pageLoadStrategy: normal, platform: WINDOWS, platformName: WINDOWS, proxy: Proxy(), setWindowRect: true, strictFileInteractability: false, timeouts: {implicit: 0, pageLoad: 300000, script: 30000}, unhandledPromptBehavior: dismiss and notify, webauthn:extension:credBlob: true, webauthn:extension:largeBlob: true, webauthn:virtualAuthenticators: true}\nSession ID: 9907d76affbb70e466519533fab64944","trace":"org.openqa.selenium.TimeoutException: Expected condition failed: waiting for visibility of all elements located by By.xpath: //div[@class='header-auth-wrapper']//a[@class='header-avatar'] (tried for 50 second(s) with 500 milliseconds interval)\nBuild info: version: '3.141.59', revision: 'e82be7d358', time: '2018-11-14T08:17:03'\nSystem info: host: 'DESKTOP-0ME8KFB', ip: '192.168.0.105', os.name: 'Windows 10', os.arch: 'amd64', os.version: '10.0', java.version: '11.0.11'\nDriver info: org.openqa.selenium.chrome.ChromeDriver\nCapabilities {acceptInsecureCerts: false, browserName: chrome, browserVersion: 108.0.5359.125, chrome: {chromedriverVersion: 108.0.5359.71 (1e0e3868ee06..., userDataDir: C:\\Users\\Bultozavrik\\AppDat...}, goog:chromeOptions: {debuggerAddress: localhost:52663}, javascriptEnabled: true, networkConnectionEnabled: false, pageLoadStrategy: normal, platform: WINDOWS, platformName: WINDOWS, proxy: Proxy(), setWindowRect: true, strictFileInteractability: false, timeouts: {implicit: 0, pageLoad: 300000, script: 30000}, unhandledPromptBehavior: dismiss and notify, webauthn:extension:credBlob: true, webauthn:extension:largeBlob: true, webauthn:virtualAuthenticators: true}\nSession ID: 9907d76affbb70e466519533fab64944\r\n\tat org.openqa.selenium.support.ui.WebDriverWait.timeoutException(WebDriverWait.java:95)\r\n\tat org.openqa.selenium.support.ui.FluentWait.until(FluentWait.java:272)\r\n\tat pages.AbstractPage.waitForVisibilityOfAllElements(AbstractPage.java:38)\r\n\tat pages.AbstractPage.findAllElementsByXPath(AbstractPage.java:41)\r\n\tat pages.AbstractPage.isElementPresent(AbstractPage.java:44)\r\n\tat pages.HeaderComponentPage.isAvatarButtonPresent(HeaderComponentPage.java:13)\r\n\tat steps.LoginPageStepdefs.myStartPageIsOpened(LoginPageStepdefs.java:34)\r\n\tat ✽.My Start Page is opened(file:///C:/Users/Bultozavrik/IdeaProjects/Training/src/test/resources/features/login.feature:10)\r\n"},"stage":"finished","steps":[{"name":"Given  I click Header Login Button on Header Component Page","status":"passed","statusDetails":{"known":false,"muted":false,"flaky":false},"stage":"finished","steps":[],"attachments":[],"parameters":[],"start":1672003689764,"stop":1672003704277},{"name":"When  I enter valid email in Email Input Field on Login Page","status":"passed","statusDetails":{"known":false,"muted":false,"flaky":false},"stage":"finished","steps":[],"attachments":[],"parameters":[],"start":1672003704278,"stop":1672003707354},{"name":"And  I enter valid password in Password Input Field on Login Page","status":"passed","statusDetails":{"known":false,"muted":false,"flaky":false},"stage":"finished","steps":[],"attachments":[],"parameters":[],"start":1672003707358,"stop":1672003711179},{"name":"Then  My Start Page is opened","status":"broken","statusDetails":{"known":false,"muted":false,"flaky":false,"message":"Expected condition failed: waiting for visibility of all elements located by By.xpath: //div[@class='header-auth-wrapper']//a[@class='header-avatar'] (tried for 50 second(s) with 500 milliseconds interval)\nBuild info: version: '3.141.59', revision: 'e82be7d358', time: '2018-11-14T08:17:03'\nSystem info: host: 'DESKTOP-0ME8KFB', ip: '192.168.0.105', os.name: 'Windows 10', os.arch: 'amd64', os.version: '10.0', java.version: '11.0.11'\nDriver info: org.openqa.selenium.chrome.ChromeDriver\nCapabilities {acceptInsecureCerts: false, browserName: chrome, browserVersion: 108.0.5359.125, chrome: {chromedriverVersion: 108.0.5359.71 (1e0e3868ee06..., userDataDir: C:\\Users\\Bultozavrik\\AppDat...}, goog:chromeOptions: {debuggerAddress: localhost:52663}, javascriptEnabled: true, networkConnectionEnabled: false, pageLoadStrategy: normal, platform: WINDOWS, platformName: WINDOWS, proxy: Proxy(), setWindowRect: true, strictFileInteractability: false, timeouts: {implicit: 0, pageLoad: 300000, script: 30000}, unhandledPromptBehavior: dismiss and notify, webauthn:extension:credBlob: true, webauthn:extension:largeBlob: true, webauthn:virtualAuthenticators: true}\nSession ID: 9907d76affbb70e466519533fab64944","trace":"org.openqa.selenium.TimeoutException: Expected condition failed: waiting for visibility of all elements located by By.xpath: //div[@class='header-auth-wrapper']//a[@class='header-avatar'] (tried for 50 second(s) with 500 milliseconds interval)\nBuild info: version: '3.141.59', revision: 'e82be7d358', time: '2018-11-14T08:17:03'\nSystem info: host: 'DESKTOP-0ME8KFB', ip: '192.168.0.105', os.name: 'Windows 10', os.arch: 'amd64', os.version: '10.0', java.version: '11.0.11'\nDriver info: org.openqa.selenium.chrome.ChromeDriver\nCapabilities {acceptInsecureCerts: false, browserName: chrome, browserVersion: 108.0.5359.125, chrome: {chromedriverVersion: 108.0.5359.71 (1e0e3868ee06..., userDataDir: C:\\Users\\Bultozavrik\\AppDat...}, goog:chromeOptions: {debuggerAddress: localhost:52663}, javascriptEnabled: true, networkConnectionEnabled: false, pageLoadStrategy: normal, platform: WINDOWS, platformName: WINDOWS, proxy: Proxy(), setWindowRect: true, strictFileInteractability: false, timeouts: {implicit: 0, pageLoad: 300000, script: 30000}, unhandledPromptBehavior: dismiss and notify, webauthn:extension:credBlob: true, webauthn:extension:largeBlob: true, webauthn:virtualAuthenticators: true}\nSession ID: 9907d76affbb70e466519533fab64944\r\n\tat org.openqa.selenium.support.ui.WebDriverWait.timeoutException(WebDriverWait.java:95)\r\n\tat org.openqa.selenium.support.ui.FluentWait.until(FluentWait.java:272)\r\n\tat pages.AbstractPage.waitForVisibilityOfAllElements(AbstractPage.java:38)\r\n\tat pages.AbstractPage.findAllElementsByXPath(AbstractPage.java:41)\r\n\tat pages.AbstractPage.isElementPresent(AbstractPage.java:44)\r\n\tat pages.HeaderComponentPage.isAvatarButtonPresent(HeaderComponentPage.java:13)\r\n\tat steps.LoginPageStepdefs.myStartPageIsOpened(LoginPageStepdefs.java:34)\r\n\tat ✽.My Start Page is opened(file:///C:/Users/Bultozavrik/IdeaProjects/Training/src/test/resources/features/login.feature:10)\r\n"},"stage":"finished","steps":[],"attachments":[],"parameters":[],"start":1672003711179,"stop":1672003772333}],"attachments":[],"parameters":[],"start":1672003571256,"stop":1672003773045}